<?xml version="1.0" encoding="UTF-8"?>
<!-- Generated by org.testng.reporters.JUnitReportReporter -->
<testsuite skipped="0" hostname="LAPTOP-1G76VECI" name="script.VerifyVersion" tests="1" failures="0" timestamp="13 May 2017 08:49:01 GMT" time="5.817" errors="0">
  <testcase name="testVerifyVersion" time="5.817" classname="script.VerifyVersion"/>
</testsuite> <!-- script.VerifyVersion -->
