<?xml version="1.0" encoding="UTF-8"?>
<!-- Generated by org.testng.reporters.JUnitReportReporter -->
<testsuite skipped="0" hostname="LAPTOP-1G76VECI" name="script.InvalidLogin" tests="1" failures="0" timestamp="13 May 2017 08:49:01 GMT" time="16.786" errors="0">
  <testcase name="testInvalidLogin" time="16.786" classname="script.InvalidLogin"/>
</testsuite> <!-- script.InvalidLogin -->
